<?xml version="1.0" encoding="UTF-8"?><testsuite errors="1" failures="0" name="com.virgingames.virgingamesinfo.VirginGamesTest" skipped="0" tests="2" time="4.66" timestamp="2023-06-16T22:57:41.022+01:00[Europe/London]"><testcase classname="com.virgingames.virgingamesinfo.VirginGamesTest" name="This method will get all jackpot information"/><testcase classname="com.virgingames.virgingamesinfo.VirginGamesTest" name="This method will verify if currency is equal to GBP"><error message="io.restassured.path.xml.XmlPath cannot be cast to java.util.HashMap" type="java.lang.ClassCastException">io.restassured.path.xml.XmlPath cannot be cast to java.util.HashMap</error><system-err>io.restassured.path.xml.XmlPath cannot be cast to java.util.HashMap&#13;
com.virgingames.virgingamesinfo.VirginGamesTest.test002(VirginGamesTest.java:34)&#13;
</system-err></testcase></testsuite>